This file contains any messages produced by compilers while
running configure, to aid debugging if configure makes a mistake.

It was created by libeXosip2 configure 5.0.0, which was
generated by GNU Autoconf 2.69.  Invocation command line was

  $ ./configure 

## --------- ##
## Platform. ##
## --------- ##

hostname = wwl
uname -m = x86_64
uname -r = 2.8.0(0.309/5/3)
uname -s = CYGWIN_NT-6.3
uname -v = 2017-04-01 20:47

/usr/bin/uname -p = unknown
/bin/uname -X     = unknown

/bin/arch              = x86_64
/usr/bin/arch -k       = unknown
/usr/convex/getsysinfo = unknown
/usr/bin/hostinfo      = unknown
/bin/machine           = unknown
/usr/bin/oslevel       = unknown
/bin/universe          = unknown

PATH: /usr/local/bin
PATH: /usr/bin
PATH: /cygdrive/d/Python34
PATH: /cygdrive/d/Python34/Scripts
PATH: /cygdrive/c/Windows/system32
PATH: /cygdrive/c/Windows
PATH: /cygdrive/c/Windows/System32/Wbem
PATH: /cygdrive/c/Windows/System32/WindowsPowerShell/v1.0
PATH: /cygdrive/c/Program Files (x86)/ATI Technologies/ATI.ACE/Core-Static
PATH: /usr/lib/lapack


## ----------- ##
## Core tests. ##
## ----------- ##

configure:2260: libeXosip2              The Extended Open SIP library.
configure:2262: Copyright (C) 2002-2015 Aymeric MOIZARD - <amoizard@antisip.com>
configure:2270: result: Configuring  
configure:2273: result: Building Package on cygwin_nt-6.3
configure:2324: checking for a BSD-compatible install
configure:2392: result: /usr/bin/install -c
configure:2403: checking whether build environment is sane
configure:2458: result: yes
configure:2496: WARNING: 'missing' script is too old or missing
configure:2609: checking for a thread-safe mkdir -p
configure:2648: result: /usr/bin/mkdir -p
configure:2655: checking for gawk
configure:2671: found /usr/bin/gawk
configure:2682: result: gawk
configure:2693: checking whether make sets $(MAKE)
configure:2715: result: yes
configure:2744: checking whether make supports nested variables
configure:2761: result: yes
configure:2893: checking build system type
configure:2907: result: x86_64-unknown-cygwin
configure:2927: checking host system type
configure:2940: result: x86_64-unknown-cygwin
configure:3010: checking for gcc
configure:3026: found /usr/bin/gcc
configure:3037: result: gcc
configure:3266: checking for C compiler version
configure:3275: gcc --version >&5
gcc (GCC) 5.4.0
Copyright (C) 2015 Free Software Foundation, Inc.
This is free software; see the source for copying conditions.  There is NO
warranty; not even for MERCHANTABILITY or FITNESS FOR A PARTICULAR PURPOSE.

configure:3286: $? = 0
configure:3275: gcc -v >&5
Using built-in specs.
COLLECT_GCC=gcc
COLLECT_LTO_WRAPPER=/usr/lib/gcc/x86_64-pc-cygwin/5.4.0/lto-wrapper.exe
Target: x86_64-pc-cygwin
Configured with: /cygdrive/i/szsz/tmpp/gcc/gcc-5.4.0-1.x86_64/src/gcc-5.4.0/configure --srcdir=/cygdrive/i/szsz/tmpp/gcc/gcc-5.4.0-1.x86_64/src/gcc-5.4.0 --prefix=/usr --exec-prefix=/usr --localstatedir=/var --sysconfdir=/etc --docdir=/usr/share/doc/gcc --htmldir=/usr/share/doc/gcc/html -C --build=x86_64-pc-cygwin --host=x86_64-pc-cygwin --target=x86_64-pc-cygwin --without-libiconv-prefix --without-libintl-prefix --libexecdir=/usr/lib --enable-shared --enable-shared-libgcc --enable-static --enable-version-specific-runtime-libs --enable-bootstrap --enable-__cxa_atexit --with-dwarf2 --with-tune=generic --enable-languages=ada,c,c++,fortran,lto,objc,obj-c++ --enable-graphite --enable-threads=posix --enable-libatomic --enable-libcilkrts --enable-libgomp --enable-libitm --enable-libquadmath --enable-libquadmath-support --enable-libssp --enable-libada --enable-libgcj-sublibs --disable-java-awt --disable-symvers --with-ecj-jar=/usr/share/java/ecj.jar --with-gnu-ld --with-gnu-as --with-cloog-include=/usr/include/cloog-isl --without-libiconv-prefix --without-libintl-prefix --with-system-zlib --enable-linker-build-id --with-default-libstdcxx-abi=gcc4-compatible
Thread model: posix
gcc version 5.4.0 (GCC) 
configure:3286: $? = 0
configure:3275: gcc -V >&5
gcc: error: unrecognized command line option '-V'
gcc: fatal error: no input files
compilation terminated.
configure:3286: $? = 1
configure:3275: gcc -qversion >&5
gcc: error: unrecognized command line option '-qversion'
gcc: fatal error: no input files
compilation terminated.
configure:3286: $? = 1
configure:3306: checking whether the C compiler works
configure:3328: gcc    conftest.c  >&5
configure:3332: $? = 0
configure:3380: result: yes
configure:3383: checking for C compiler default output file name
configure:3385: result: a.exe
configure:3391: checking for suffix of executables
configure:3398: gcc -o conftest.exe    conftest.c  >&5
configure:3402: $? = 0
configure:3424: result: .exe
configure:3446: checking whether we are cross compiling
configure:3454: gcc -o conftest.exe    conftest.c  >&5
configure:3458: $? = 0
configure:3465: ./conftest.exe
configure:3469: $? = 0
configure:3484: result: no
configure:3489: checking for suffix of object files
configure:3511: gcc -c   conftest.c >&5
configure:3515: $? = 0
configure:3536: result: o
configure:3540: checking whether we are using the GNU C compiler
configure:3559: gcc -c   conftest.c >&5
configure:3559: $? = 0
configure:3568: result: yes
configure:3577: checking whether gcc accepts -g
configure:3597: gcc -c -g  conftest.c >&5
configure:3597: $? = 0
configure:3638: result: yes
configure:3655: checking for gcc option to accept ISO C89
configure:3718: gcc  -c -g -O2  conftest.c >&5
configure:3718: $? = 0
configure:3731: result: none needed
configure:3756: checking whether gcc understands -c and -o together
configure:3778: gcc -c conftest.c -o conftest2.o
configure:3781: $? = 0
configure:3778: gcc -c conftest.c -o conftest2.o
configure:3781: $? = 0
configure:3793: result: yes
configure:3821: checking for style of include used by make
configure:3849: result: GNU
configure:3875: checking dependency style of gcc
configure:3986: result: gcc3
configure:4006: checking how to run the C preprocessor
configure:4037: gcc -E  conftest.c
configure:4037: $? = 0
configure:4051: gcc -E  conftest.c
conftest.c:11:28: fatal error: ac_nonexistent.h: No such file or directory
compilation terminated.
configure:4051: $? = 1
configure: failed program was:
| /* confdefs.h */
| #define PACKAGE_NAME "libeXosip2"
| #define PACKAGE_TARNAME "libexosip2"
| #define PACKAGE_VERSION "5.0.0"
| #define PACKAGE_STRING "libeXosip2 5.0.0"
| #define PACKAGE_BUGREPORT ""
| #define PACKAGE_URL ""
| #define PACKAGE "libexosip2"
| #define VERSION "5.0.0"
| /* end confdefs.h.  */
| #include <ac_nonexistent.h>
configure:4076: result: gcc -E
configure:4096: gcc -E  conftest.c
configure:4096: $? = 0
configure:4110: gcc -E  conftest.c
conftest.c:11:28: fatal error: ac_nonexistent.h: No such file or directory
compilation terminated.
configure:4110: $? = 1
configure: failed program was:
| /* confdefs.h */
| #define PACKAGE_NAME "libeXosip2"
| #define PACKAGE_TARNAME "libexosip2"
| #define PACKAGE_VERSION "5.0.0"
| #define PACKAGE_STRING "libeXosip2 5.0.0"
| #define PACKAGE_BUGREPORT ""
| #define PACKAGE_URL ""
| #define PACKAGE "libexosip2"
| #define VERSION "5.0.0"
| /* end confdefs.h.  */
| #include <ac_nonexistent.h>
configure:4140: checking for a sed that does not truncate output
configure:4204: result: /usr/bin/sed
configure:4255: checking how to print strings
configure:4282: result: printf
configure:4303: checking for a sed that does not truncate output
configure:4367: result: /usr/bin/sed
configure:4385: checking for grep that handles long lines and -e
configure:4443: result: /usr/bin/grep
configure:4448: checking for egrep
configure:4510: result: /usr/bin/grep -E
configure:4515: checking for fgrep
configure:4577: result: /usr/bin/grep -F
configure:4612: checking for ld used by gcc
configure:4679: result: /usr/x86_64-pc-cygwin/bin/ld.exe
configure:4686: checking if the linker (/usr/x86_64-pc-cygwin/bin/ld.exe) is GNU ld
configure:4701: result: yes
configure:4713: checking for BSD- or MS-compatible name lister (nm)
configure:4762: result: /usr/bin/nm -B
configure:4892: checking the name lister (/usr/bin/nm -B) interface
configure:4899: gcc -c -g -O2  conftest.c >&5
configure:4902: /usr/bin/nm -B "conftest.o"
configure:4905: output
0000000000000000 b .bss
0000000000000000 d .data
0000000000000000 N .debug_abbrev
0000000000000000 N .debug_aranges
0000000000000000 N .debug_info
0000000000000000 N .debug_line
0000000000000000 r .rdata$zzz
0000000000000000 t .text
0000000000000000 B some_variable
configure:4912: result: BSD nm
configure:4915: checking whether ln -s works
configure:4919: result: yes
configure:4927: checking the maximum length of command line arguments
configure:5058: result: 8192
configure:5075: checking whether the shell understands some XSI constructs
configure:5085: result: yes
configure:5089: checking whether the shell understands "+="
configure:5095: result: yes
configure:5130: checking how to convert x86_64-unknown-cygwin file names to x86_64-unknown-cygwin format
configure:5170: result: func_convert_file_noop
configure:5177: checking how to convert x86_64-unknown-cygwin file names to toolchain format
configure:5197: result: func_convert_file_noop
configure:5204: checking for /usr/x86_64-pc-cygwin/bin/ld.exe option to reload object files
configure:5211: result: -r
configure:5285: checking for objdump
configure:5301: found /usr/bin/objdump
configure:5312: result: objdump
configure:5344: checking how to recognize dependent libraries
configure:5542: result: file_magic ^x86 archive import|^x86 DLL
configure:5627: checking for dlltool
configure:5643: found /usr/bin/dlltool
configure:5654: result: dlltool
configure:5687: checking how to associate runtime and link libraries
configure:5714: result: func_cygming_dll_for_implib
configure:5775: checking for ar
configure:5791: found /usr/bin/ar
configure:5802: result: ar
configure:5839: checking for archiver @FILE support
configure:5856: gcc -c -g -O2  conftest.c >&5
configure:5856: $? = 0
configure:5859: ar cru libconftest.a @conftest.lst >&5
configure:5862: $? = 0
configure:5867: ar cru libconftest.a @conftest.lst >&5
ar: conftest.o: No such file or directory
configure:5870: $? = 1
configure:5882: result: @
configure:5940: checking for strip
configure:5956: found /usr/bin/strip
configure:5967: result: strip
configure:6039: checking for ranlib
configure:6055: found /usr/bin/ranlib
configure:6066: result: ranlib
configure:6168: checking command to parse /usr/bin/nm -B output from gcc object
configure:6288: gcc -c -g -O2  conftest.c >&5
configure:6291: $? = 0
configure:6295: /usr/bin/nm -B conftest.o \| sed -n -e 's/^.*[ ]\([ABCDGIRSTW][ABCDGIRSTW]*\)[ ][ ]*\([_A-Za-z][_A-Za-z0-9]*\)$/\1 \2 \2/p' | sed '/ __gnu_lto/d' \> conftest.nm
configure:6298: $? = 0
configure:6364: gcc -o conftest.exe -g -O2   conftest.c conftstm.o >&5
configure:6367: $? = 0
configure:6405: result: ok
configure:6442: checking for sysroot
configure:6472: result: no
configure:6741: checking for mt
configure:6771: result: no
configure:6791: checking if : is a manifest tool
configure:6797: : '-?'
configure:6805: result: no
configure:7443: checking for ANSI C header files
configure:7463: gcc -c -g -O2  conftest.c >&5
configure:7463: $? = 0
configure:7536: gcc -o conftest.exe -g -O2   conftest.c  >&5
configure:7536: $? = 0
configure:7536: ./conftest.exe
configure:7536: $? = 0
configure:7547: result: yes
configure:7560: checking for sys/types.h
configure:7560: gcc -c -g -O2  conftest.c >&5
configure:7560: $? = 0
configure:7560: result: yes
configure:7560: checking for sys/stat.h
configure:7560: gcc -c -g -O2  conftest.c >&5
configure:7560: $? = 0
configure:7560: result: yes
configure:7560: checking for stdlib.h
configure:7560: gcc -c -g -O2  conftest.c >&5
configure:7560: $? = 0
configure:7560: result: yes
configure:7560: checking for string.h
configure:7560: gcc -c -g -O2  conftest.c >&5
configure:7560: $? = 0
configure:7560: result: yes
configure:7560: checking for memory.h
configure:7560: gcc -c -g -O2  conftest.c >&5
configure:7560: $? = 0
configure:7560: result: yes
configure:7560: checking for strings.h
configure:7560: gcc -c -g -O2  conftest.c >&5
configure:7560: $? = 0
configure:7560: result: yes
configure:7560: checking for inttypes.h
configure:7560: gcc -c -g -O2  conftest.c >&5
configure:7560: $? = 0
configure:7560: result: yes
configure:7560: checking for stdint.h
configure:7560: gcc -c -g -O2  conftest.c >&5
configure:7560: $? = 0
configure:7560: result: yes
configure:7560: checking for unistd.h
configure:7560: gcc -c -g -O2  conftest.c >&5
configure:7560: $? = 0
configure:7560: result: yes
configure:7574: checking for dlfcn.h
configure:7574: gcc -c -g -O2  conftest.c >&5
configure:7574: $? = 0
configure:7574: result: yes
configure:7780: checking for objdir
configure:7795: result: .libs
configure:8066: checking if gcc supports -fno-rtti -fno-exceptions
configure:8084: gcc -c -g -O2  -fno-rtti -fno-exceptions conftest.c >&5
cc1: warning: command line option '-fno-rtti' is valid for C++/ObjC++ but not for C
configure:8088: $? = 0
configure:8101: result: no
configure:8428: checking for gcc option to produce PIC
configure:8435: result: -DDLL_EXPORT -DPIC
configure:8443: checking if gcc PIC flag -DDLL_EXPORT -DPIC works
configure:8461: gcc -c -g -O2  -DDLL_EXPORT -DPIC -DPIC conftest.c >&5
configure:8465: $? = 0
configure:8478: result: yes
configure:8507: checking if gcc static flag -static works
configure:8535: result: yes
configure:8550: checking if gcc supports -c -o file.o
configure:8571: gcc -c -g -O2  -o out/conftest2.o conftest.c >&5
configure:8575: $? = 0
configure:8597: result: yes
configure:8605: checking if gcc supports -c -o file.o
configure:8652: result: yes
configure:8685: checking whether the gcc linker (/usr/x86_64-pc-cygwin/bin/ld.exe) supports shared libraries
configure:9842: result: yes
configure:9879: checking whether -lc should be explicitly linked in
configure:9887: gcc -c -g -O2  conftest.c >&5
configure:9890: $? = 0
configure:9905: gcc -shared conftest.o  -v -o ./conftest -Wl,--enable-auto-image-base -Xlinker --out-implib -Xlinker conftest 2\>\&1 \| /usr/bin/grep  -lc  \>/dev/null 2\>\&1
configure:9908: $? = 1
configure:9922: result: yes
configure:10082: checking dynamic linker characteristics
configure:10816: result: Win32 ld.exe
configure:10923: checking how to hardcode library paths into programs
configure:10948: result: immediate
configure:11488: checking whether stripping libraries is possible
configure:11493: result: yes
configure:11528: checking if libtool supports shared libraries
configure:11530: result: yes
configure:11533: checking whether to build shared libraries
configure:11554: result: yes
configure:11557: checking whether to build static libraries
configure:11561: result: yes
configure:11799: checking if compiler needs -Werror to reject unknown flags
configure:11815: gcc -c -g -O2 -Werror -Wunknown-warning-option -Wsizeof-array-argument  conftest.c >&5
gcc: error: unrecognized command line option '-Wunknown-warning-option'
configure:11815: $? = 1
configure: failed program was:
| /* confdefs.h */
| #define PACKAGE_NAME "libeXosip2"
| #define PACKAGE_TARNAME "libexosip2"
| #define PACKAGE_VERSION "5.0.0"
| #define PACKAGE_STRING "libeXosip2 5.0.0"
| #define PACKAGE_BUGREPORT ""
| #define PACKAGE_URL ""
| #define PACKAGE "libexosip2"
| #define VERSION "5.0.0"
| #define STDC_HEADERS 1
| #define HAVE_SYS_TYPES_H 1
| #define HAVE_SYS_STAT_H 1
| #define HAVE_STDLIB_H 1
| #define HAVE_STRING_H 1
| #define HAVE_MEMORY_H 1
| #define HAVE_STRINGS_H 1
| #define HAVE_INTTYPES_H 1
| #define HAVE_STDINT_H 1
| #define HAVE_UNISTD_H 1
| #define HAVE_DLFCN_H 1
| #define LT_OBJDIR ".libs/"
| /* end confdefs.h.  */
| int foo(void);
| int
| main ()
| {
| foo()
|   ;
|   return 0;
| }
configure:11820: result: no
configure:11886: checking for the pthreads library -lpthreads
configure:11924: gcc -o conftest.exe -g -O2     conftest.c -lpthreads  >&5
/usr/lib/gcc/x86_64-pc-cygwin/5.4.0/../../../../x86_64-pc-cygwin/bin/ld: cannot find -lpthreads
collect2: error: ld returned 1 exit status
configure:11924: $? = 1
configure: failed program was:
| /* confdefs.h */
| #define PACKAGE_NAME "libeXosip2"
| #define PACKAGE_TARNAME "libexosip2"
| #define PACKAGE_VERSION "5.0.0"
| #define PACKAGE_STRING "libeXosip2 5.0.0"
| #define PACKAGE_BUGREPORT ""
| #define PACKAGE_URL ""
| #define PACKAGE "libexosip2"
| #define VERSION "5.0.0"
| #define STDC_HEADERS 1
| #define HAVE_SYS_TYPES_H 1
| #define HAVE_SYS_STAT_H 1
| #define HAVE_STDLIB_H 1
| #define HAVE_STRING_H 1
| #define HAVE_MEMORY_H 1
| #define HAVE_STRINGS_H 1
| #define HAVE_INTTYPES_H 1
| #define HAVE_STDINT_H 1
| #define HAVE_UNISTD_H 1
| #define HAVE_DLFCN_H 1
| #define LT_OBJDIR ".libs/"
| /* end confdefs.h.  */
| #include <pthread.h>
|                         static void routine(void *a) { a = 0; }
|                         static void *start_routine(void *a) { return a; }
| int
| main ()
| {
| pthread_t th; pthread_attr_t attr;
|                         pthread_create(&th, 0, start_routine, 0);
|                         pthread_join(th, 0);
|                         pthread_attr_init(&attr);
|                         pthread_cleanup_push(routine, 0);
|                         pthread_cleanup_pop(0) /* ; */
|   ;
|   return 0;
| }
configure:11933: result: no
configure:11831: checking whether pthreads work without any flags
configure:11924: gcc -o conftest.exe -g -O2     conftest.c   >&5
configure:11924: $? = 0
configure:11933: result: yes
configure:11952: checking for joinable pthread attribute
configure:11967: gcc -o conftest.exe -g -O2    conftest.c   >&5
configure:11967: $? = 0
configure:11973: result: PTHREAD_CREATE_JOINABLE
configure:11983: checking if more special flags are required for pthreads
configure:11998: result: no
configure:12004: checking for PTHREAD_PRIO_INHERIT
configure:12021: gcc -o conftest.exe -g -O2    conftest.c   >&5
conftest.c: In function 'main':
conftest.c:27:9: error: 'PTHREAD_PRIO_INHERIT' undeclared (first use in this function)
 int i = PTHREAD_PRIO_INHERIT;
         ^
conftest.c:27:9: note: each undeclared identifier is reported only once for each function it appears in
configure:12021: $? = 1
configure: failed program was:
| /* confdefs.h */
| #define PACKAGE_NAME "libeXosip2"
| #define PACKAGE_TARNAME "libexosip2"
| #define PACKAGE_VERSION "5.0.0"
| #define PACKAGE_STRING "libeXosip2 5.0.0"
| #define PACKAGE_BUGREPORT ""
| #define PACKAGE_URL ""
| #define PACKAGE "libexosip2"
| #define VERSION "5.0.0"
| #define STDC_HEADERS 1
| #define HAVE_SYS_TYPES_H 1
| #define HAVE_SYS_STAT_H 1
| #define HAVE_STDLIB_H 1
| #define HAVE_STRING_H 1
| #define HAVE_MEMORY_H 1
| #define HAVE_STRINGS_H 1
| #define HAVE_INTTYPES_H 1
| #define HAVE_STDINT_H 1
| #define HAVE_UNISTD_H 1
| #define HAVE_DLFCN_H 1
| #define LT_OBJDIR ".libs/"
| /* end confdefs.h.  */
| #include <pthread.h>
| int
| main ()
| {
| int i = PTHREAD_PRIO_INHERIT;
|   ;
|   return 0;
| }
configure:12030: result: no
configure:12146: checking semaphore.h usability
configure:12146: gcc -c -g -O2   conftest.c >&5
configure:12146: $? = 0
configure:12146: result: yes
configure:12146: checking semaphore.h presence
configure:12146: gcc -E  conftest.c
configure:12146: $? = 0
configure:12146: result: yes
configure:12146: checking for semaphore.h
configure:12146: result: yes
configure:12158: checking sys/sem.h usability
configure:12158: gcc -c -g -O2   conftest.c >&5
configure:12158: $? = 0
configure:12158: result: yes
configure:12158: checking sys/sem.h presence
configure:12158: gcc -E  conftest.c
configure:12158: $? = 0
configure:12158: result: yes
configure:12158: checking for sys/sem.h
configure:12158: result: yes
configure:12273: checking for sem_open in -lposix4
configure:12298: gcc -o conftest.exe -g -O2    conftest.c -lposix4    >&5
/usr/lib/gcc/x86_64-pc-cygwin/5.4.0/../../../../x86_64-pc-cygwin/bin/ld: cannot find -lposix4
collect2: error: ld returned 1 exit status
configure:12298: $? = 1
configure: failed program was:
| /* confdefs.h */
| #define PACKAGE_NAME "libeXosip2"
| #define PACKAGE_TARNAME "libexosip2"
| #define PACKAGE_VERSION "5.0.0"
| #define PACKAGE_STRING "libeXosip2 5.0.0"
| #define PACKAGE_BUGREPORT ""
| #define PACKAGE_URL ""
| #define PACKAGE "libexosip2"
| #define VERSION "5.0.0"
| #define STDC_HEADERS 1
| #define HAVE_SYS_TYPES_H 1
| #define HAVE_SYS_STAT_H 1
| #define HAVE_STDLIB_H 1
| #define HAVE_STRING_H 1
| #define HAVE_MEMORY_H 1
| #define HAVE_STRINGS_H 1
| #define HAVE_INTTYPES_H 1
| #define HAVE_STDINT_H 1
| #define HAVE_UNISTD_H 1
| #define HAVE_DLFCN_H 1
| #define LT_OBJDIR ".libs/"
| #define HAVE_PTHREAD 1
| #define HAVE_SEMAPHORE_H 1
| #define HAVE_SYS_SEM_H 1
| /* end confdefs.h.  */
| 
| /* Override any GCC internal prototype to avoid an error.
|    Use char because int might match the return type of a GCC
|    builtin and then its argument prototype would still apply.  */
| #ifdef __cplusplus
| extern "C"
| #endif
| char sem_open ();
| int
| main ()
| {
| return sem_open ();
|   ;
|   return 0;
| }
configure:12307: result: no
configure:12313: checking for nis_add in -lnsl
configure:12338: gcc -o conftest.exe -g -O2    conftest.c -lnsl    >&5
/usr/lib/gcc/x86_64-pc-cygwin/5.4.0/../../../../x86_64-pc-cygwin/bin/ld: cannot find -lnsl
collect2: error: ld returned 1 exit status
configure:12338: $? = 1
configure: failed program was:
| /* confdefs.h */
| #define PACKAGE_NAME "libeXosip2"
| #define PACKAGE_TARNAME "libexosip2"
| #define PACKAGE_VERSION "5.0.0"
| #define PACKAGE_STRING "libeXosip2 5.0.0"
| #define PACKAGE_BUGREPORT ""
| #define PACKAGE_URL ""
| #define PACKAGE "libexosip2"
| #define VERSION "5.0.0"
| #define STDC_HEADERS 1
| #define HAVE_SYS_TYPES_H 1
| #define HAVE_SYS_STAT_H 1
| #define HAVE_STDLIB_H 1
| #define HAVE_STRING_H 1
| #define HAVE_MEMORY_H 1
| #define HAVE_STRINGS_H 1
| #define HAVE_INTTYPES_H 1
| #define HAVE_STDINT_H 1
| #define HAVE_UNISTD_H 1
| #define HAVE_DLFCN_H 1
| #define LT_OBJDIR ".libs/"
| #define HAVE_PTHREAD 1
| #define HAVE_SEMAPHORE_H 1
| #define HAVE_SYS_SEM_H 1
| /* end confdefs.h.  */
| 
| /* Override any GCC internal prototype to avoid an error.
|    Use char because int might match the return type of a GCC
|    builtin and then its argument prototype would still apply.  */
| #ifdef __cplusplus
| extern "C"
| #endif
| char nis_add ();
| int
| main ()
| {
| return nis_add ();
|   ;
|   return 0;
| }
configure:12347: result: no
configure:12353: checking for sendto in -lsocket
configure:12378: gcc -o conftest.exe -g -O2    conftest.c -lsocket    >&5
/usr/lib/gcc/x86_64-pc-cygwin/5.4.0/../../../../x86_64-pc-cygwin/bin/ld: cannot find -lsocket
collect2: error: ld returned 1 exit status
configure:12378: $? = 1
configure: failed program was:
| /* confdefs.h */
| #define PACKAGE_NAME "libeXosip2"
| #define PACKAGE_TARNAME "libexosip2"
| #define PACKAGE_VERSION "5.0.0"
| #define PACKAGE_STRING "libeXosip2 5.0.0"
| #define PACKAGE_BUGREPORT ""
| #define PACKAGE_URL ""
| #define PACKAGE "libexosip2"
| #define VERSION "5.0.0"
| #define STDC_HEADERS 1
| #define HAVE_SYS_TYPES_H 1
| #define HAVE_SYS_STAT_H 1
| #define HAVE_STDLIB_H 1
| #define HAVE_STRING_H 1
| #define HAVE_MEMORY_H 1
| #define HAVE_STRINGS_H 1
| #define HAVE_INTTYPES_H 1
| #define HAVE_STDINT_H 1
| #define HAVE_UNISTD_H 1
| #define HAVE_DLFCN_H 1
| #define LT_OBJDIR ".libs/"
| #define HAVE_PTHREAD 1
| #define HAVE_SEMAPHORE_H 1
| #define HAVE_SYS_SEM_H 1
| /* end confdefs.h.  */
| 
| /* Override any GCC internal prototype to avoid an error.
|    Use char because int might match the return type of a GCC
|    builtin and then its argument prototype would still apply.  */
| #ifdef __cplusplus
| extern "C"
| #endif
| char sendto ();
| int
| main ()
| {
| return sendto ();
|   ;
|   return 0;
| }
configure:12387: result: no
configure:12393: checking for clock_gettime in -lrt
configure:12418: gcc -o conftest.exe -g -O2    conftest.c -lrt    >&5
configure:12418: $? = 0
configure:12427: result: yes
configure:12438: checking for res_query in -lresolv
configure:12463: gcc -o conftest.exe -g -O2    conftest.c -lresolv    >&5
configure:12463: $? = 0
configure:12472: result: yes
configure:12478: checking for __res_query in -lresolv
configure:12503: gcc -o conftest.exe -g -O2    conftest.c -lresolv    >&5
configure:12503: $? = 0
configure:12512: result: yes
configure:12521: checking for ares_init in -lcares
configure:12546: gcc -o conftest.exe -g -O2    conftest.c -lcares    >&5
/usr/lib/gcc/x86_64-pc-cygwin/5.4.0/../../../../x86_64-pc-cygwin/bin/ld: cannot find -lcares
collect2: error: ld returned 1 exit status
configure:12546: $? = 1
configure: failed program was:
| /* confdefs.h */
| #define PACKAGE_NAME "libeXosip2"
| #define PACKAGE_TARNAME "libexosip2"
| #define PACKAGE_VERSION "5.0.0"
| #define PACKAGE_STRING "libeXosip2 5.0.0"
| #define PACKAGE_BUGREPORT ""
| #define PACKAGE_URL ""
| #define PACKAGE "libexosip2"
| #define VERSION "5.0.0"
| #define STDC_HEADERS 1
| #define HAVE_SYS_TYPES_H 1
| #define HAVE_SYS_STAT_H 1
| #define HAVE_STDLIB_H 1
| #define HAVE_STRING_H 1
| #define HAVE_MEMORY_H 1
| #define HAVE_STRINGS_H 1
| #define HAVE_INTTYPES_H 1
| #define HAVE_STDINT_H 1
| #define HAVE_UNISTD_H 1
| #define HAVE_DLFCN_H 1
| #define LT_OBJDIR ".libs/"
| #define HAVE_PTHREAD 1
| #define HAVE_SEMAPHORE_H 1
| #define HAVE_SYS_SEM_H 1
| /* end confdefs.h.  */
| 
| /* Override any GCC internal prototype to avoid an error.
|    Use char because int might match the return type of a GCC
|    builtin and then its argument prototype would still apply.  */
| #ifdef __cplusplus
| extern "C"
| #endif
| char ares_init ();
| int
| main ()
| {
| return ares_init ();
|   ;
|   return 0;
| }
configure:12555: result: no
configure:12575: WARNING: c-ares library is not installed
configure:12635: checking for pkg-config
configure:12653: found /usr/bin/pkg-config
configure:12665: result: /usr/bin/pkg-config
configure:12690: checking pkg-config is at least version 0.9.0
configure:12693: result: yes
configure:12703: checking for OSIP
configure:12710: $PKG_CONFIG --exists --print-errors "libosip2 >= 5.0"
Package libosip2 was not found in the pkg-config search path.
Perhaps you should add the directory containing `libosip2.pc'
to the PKG_CONFIG_PATH environment variable
No package 'libosip2' found
configure:12713: $? = 1
configure:12727: $PKG_CONFIG --exists --print-errors "libosip2 >= 5.0"
Package libosip2 was not found in the pkg-config search path.
Perhaps you should add the directory containing `libosip2.pc'
to the PKG_CONFIG_PATH environment variable
No package 'libosip2' found
configure:12730: $? = 1
configure:12744: result: no
No package 'libosip2' found
configure:12761: WARNING: assuming osip can be found in -I${prefix}/include and -L${exec_prefix}/lib
configure:12785: checking whether -Wall works
configure:12804: gcc -c -g -O2  -Wall conftest.c >&5
configure:12804: $? = 0
configure:12813: result: yes
configure:12820: checking whether -Wcast-align works
configure:12839: gcc -c -g -O2  -Wcast-align conftest.c >&5
configure:12839: $? = 0
configure:12848: result: yes
configure:12855: checking whether -Wchar-subscripts works
configure:12874: gcc -c -g -O2  -Wchar-subscripts conftest.c >&5
configure:12874: $? = 0
configure:12883: result: yes
configure:12890: checking whether -Wformat works
configure:12909: gcc -c -g -O2  -Wformat conftest.c >&5
configure:12909: $? = 0
configure:12918: result: yes
configure:12925: checking whether -Winline works
configure:12944: gcc -c -g -O2  -Winline conftest.c >&5
configure:12944: $? = 0
configure:12953: result: yes
configure:12960: checking whether -Wmissing-declarations works
configure:12979: gcc -c -g -O2  -Wmissing-declarations conftest.c >&5
configure:12979: $? = 0
configure:12988: result: yes
configure:12995: checking whether -Wmissing-prototypes works
configure:13014: gcc -c -g -O2  -Wmissing-prototypes conftest.c >&5
configure:13014: $? = 0
configure:13023: result: yes
configure:13030: checking whether -Wnested-externs works
configure:13049: gcc -c -g -O2  -Wnested-externs conftest.c >&5
configure:13049: $? = 0
configure:13058: result: yes
configure:13065: checking whether -Wpointer-arith works
configure:13084: gcc -c -g -O2  -Wpointer-arith conftest.c >&5
configure:13084: $? = 0
configure:13093: result: yes
configure:13103: checking for ANSI C header files
configure:13207: result: yes
configure:13217: checking ctype.h usability
configure:13217: gcc -c -g -O2   -Wall -Wcast-align -Wchar-subscripts -Wformat -Winline -Wmissing-declarations -Wmissing-prototypes -Wnested-externs -Wpointer-arith conftest.c >&5
configure:13217: $? = 0
configure:13217: result: yes
configure:13217: checking ctype.h presence
configure:13217: gcc -E  -Wall -Wcast-align -Wchar-subscripts -Wformat -Winline -Wmissing-declarations -Wmissing-prototypes -Wnested-externs -Wpointer-arith conftest.c
configure:13217: $? = 0
configure:13217: result: yes
configure:13217: checking for ctype.h
configure:13217: result: yes
configure:13229: checking for string.h
configure:13229: result: yes
configure:13241: checking for strings.h
configure:13241: result: yes
configure:13253: checking stdio.h usability
configure:13253: gcc -c -g -O2   -Wall -Wcast-align -Wchar-subscripts -Wformat -Winline -Wmissing-declarations -Wmissing-prototypes -Wnested-externs -Wpointer-arith conftest.c >&5
configure:13253: $? = 0
configure:13253: result: yes
configure:13253: checking stdio.h presence
configure:13253: gcc -E  -Wall -Wcast-align -Wchar-subscripts -Wformat -Winline -Wmissing-declarations -Wmissing-prototypes -Wnested-externs -Wpointer-arith conftest.c
configure:13253: $? = 0
configure:13253: result: yes
configure:13253: checking for stdio.h
configure:13253: result: yes
configure:13265: checking for stdlib.h
configure:13265: result: yes
configure:13277: checking limits.h usability
configure:13277: gcc -c -g -O2   -Wall -Wcast-align -Wchar-subscripts -Wformat -Winline -Wmissing-declarations -Wmissing-prototypes -Wnested-externs -Wpointer-arith conftest.c >&5
configure:13277: $? = 0
configure:13277: result: yes
configure:13277: checking limits.h presence
configure:13277: gcc -E  -Wall -Wcast-align -Wchar-subscripts -Wformat -Winline -Wmissing-declarations -Wmissing-prototypes -Wnested-externs -Wpointer-arith conftest.c
configure:13277: $? = 0
configure:13277: result: yes
configure:13277: checking for limits.h
configure:13277: result: yes
configure:13289: checking for unistd.h
configure:13289: result: yes
configure:13301: checking stdarg.h usability
configure:13301: gcc -c -g -O2   -Wall -Wcast-align -Wchar-subscripts -Wformat -Winline -Wmissing-declarations -Wmissing-prototypes -Wnested-externs -Wpointer-arith conftest.c >&5
configure:13301: $? = 0
configure:13301: result: yes
configure:13301: checking stdarg.h presence
configure:13301: gcc -E  -Wall -Wcast-align -Wchar-subscripts -Wformat -Winline -Wmissing-declarations -Wmissing-prototypes -Wnested-externs -Wpointer-arith conftest.c
configure:13301: $? = 0
configure:13301: result: yes
configure:13301: checking for stdarg.h
configure:13301: result: yes
configure:13313: checking varargs.h usability
configure:13313: gcc -c -g -O2   -Wall -Wcast-align -Wchar-subscripts -Wformat -Winline -Wmissing-declarations -Wmissing-prototypes -Wnested-externs -Wpointer-arith conftest.c >&5
In file included from conftest.c:68:0:
/usr/lib/gcc/x86_64-pc-cygwin/5.4.0/include/varargs.h:4:2: error: #error "GCC no longer implements <varargs.h>."
 #error "GCC no longer implements <varargs.h>."
  ^
/usr/lib/gcc/x86_64-pc-cygwin/5.4.0/include/varargs.h:5:2: error: #error "Revise your code to use <stdarg.h>."
 #error "Revise your code to use <stdarg.h>."
  ^
configure:13313: $? = 1
configure: failed program was:
| /* confdefs.h */
| #define PACKAGE_NAME "libeXosip2"
| #define PACKAGE_TARNAME "libexosip2"
| #define PACKAGE_VERSION "5.0.0"
| #define PACKAGE_STRING "libeXosip2 5.0.0"
| #define PACKAGE_BUGREPORT ""
| #define PACKAGE_URL ""
| #define PACKAGE "libexosip2"
| #define VERSION "5.0.0"
| #define STDC_HEADERS 1
| #define HAVE_SYS_TYPES_H 1
| #define HAVE_SYS_STAT_H 1
| #define HAVE_STDLIB_H 1
| #define HAVE_STRING_H 1
| #define HAVE_MEMORY_H 1
| #define HAVE_STRINGS_H 1
| #define HAVE_INTTYPES_H 1
| #define HAVE_STDINT_H 1
| #define HAVE_UNISTD_H 1
| #define HAVE_DLFCN_H 1
| #define LT_OBJDIR ".libs/"
| #define HAVE_PTHREAD 1
| #define HAVE_SEMAPHORE_H 1
| #define HAVE_SYS_SEM_H 1
| #define STDC_HEADERS 1
| #define HAVE_CTYPE_H 1
| #define HAVE_STRING_H 1
| #define HAVE_STRINGS_H 1
| #define HAVE_STDIO_H 1
| #define HAVE_STDLIB_H 1
| #define HAVE_LIMITS_H 1
| #define HAVE_UNISTD_H 1
| #define HAVE_STDARG_H 1
| /* end confdefs.h.  */
| #include <stdio.h>
| #ifdef HAVE_SYS_TYPES_H
| # include <sys/types.h>
| #endif
| #ifdef HAVE_SYS_STAT_H
| # include <sys/stat.h>
| #endif
| #ifdef STDC_HEADERS
| # include <stdlib.h>
| # include <stddef.h>
| #else
| # ifdef HAVE_STDLIB_H
| #  include <stdlib.h>
| # endif
| #endif
| #ifdef HAVE_STRING_H
| # if !defined STDC_HEADERS && defined HAVE_MEMORY_H
| #  include <memory.h>
| # endif
| # include <string.h>
| #endif
| #ifdef HAVE_STRINGS_H
| # include <strings.h>
| #endif
| #ifdef HAVE_INTTYPES_H
| # include <inttypes.h>
| #endif
| #ifdef HAVE_STDINT_H
| # include <stdint.h>
| #endif
| #ifdef HAVE_UNISTD_H
| # include <unistd.h>
| #endif
| #include <varargs.h>
configure:13313: result: no
configure:13313: checking varargs.h presence
configure:13313: gcc -E  -Wall -Wcast-align -Wchar-subscripts -Wformat -Winline -Wmissing-declarations -Wmissing-prototypes -Wnested-externs -Wpointer-arith conftest.c
In file included from conftest.c:35:0:
/usr/lib/gcc/x86_64-pc-cygwin/5.4.0/include/varargs.h:4:2: error: #error "GCC no longer implements <varargs.h>."
 #error "GCC no longer implements <varargs.h>."
  ^
/usr/lib/gcc/x86_64-pc-cygwin/5.4.0/include/varargs.h:5:2: error: #error "Revise your code to use <stdarg.h>."
 #error "Revise your code to use <stdarg.h>."
  ^
configure:13313: $? = 1
configure: failed program was:
| /* confdefs.h */
| #define PACKAGE_NAME "libeXosip2"
| #define PACKAGE_TARNAME "libexosip2"
| #define PACKAGE_VERSION "5.0.0"
| #define PACKAGE_STRING "libeXosip2 5.0.0"
| #define PACKAGE_BUGREPORT ""
| #define PACKAGE_URL ""
| #define PACKAGE "libexosip2"
| #define VERSION "5.0.0"
| #define STDC_HEADERS 1
| #define HAVE_SYS_TYPES_H 1
| #define HAVE_SYS_STAT_H 1
| #define HAVE_STDLIB_H 1
| #define HAVE_STRING_H 1
| #define HAVE_MEMORY_H 1
| #define HAVE_STRINGS_H 1
| #define HAVE_INTTYPES_H 1
| #define HAVE_STDINT_H 1
| #define HAVE_UNISTD_H 1
| #define HAVE_DLFCN_H 1
| #define LT_OBJDIR ".libs/"
| #define HAVE_PTHREAD 1
| #define HAVE_SEMAPHORE_H 1
| #define HAVE_SYS_SEM_H 1
| #define STDC_HEADERS 1
| #define HAVE_CTYPE_H 1
| #define HAVE_STRING_H 1
| #define HAVE_STRINGS_H 1
| #define HAVE_STDIO_H 1
| #define HAVE_STDLIB_H 1
| #define HAVE_LIMITS_H 1
| #define HAVE_UNISTD_H 1
| #define HAVE_STDARG_H 1
| /* end confdefs.h.  */
| #include <varargs.h>
configure:13313: result: no
configure:13313: checking for varargs.h
configure:13313: result: no
configure:13325: checking sys/time.h usability
configure:13325: gcc -c -g -O2   -Wall -Wcast-align -Wchar-subscripts -Wformat -Winline -Wmissing-declarations -Wmissing-prototypes -Wnested-externs -Wpointer-arith conftest.c >&5
configure:13325: $? = 0
configure:13325: result: yes
configure:13325: checking sys/time.h presence
configure:13325: gcc -E  -Wall -Wcast-align -Wchar-subscripts -Wformat -Winline -Wmissing-declarations -Wmissing-prototypes -Wnested-externs -Wpointer-arith conftest.c
configure:13325: $? = 0
configure:13325: result: yes
configure:13325: checking for sys/time.h
configure:13325: result: yes
configure:13337: checking assert.h usability
configure:13337: gcc -c -g -O2   -Wall -Wcast-align -Wchar-subscripts -Wformat -Winline -Wmissing-declarations -Wmissing-prototypes -Wnested-externs -Wpointer-arith conftest.c >&5
configure:13337: $? = 0
configure:13337: result: yes
configure:13337: checking assert.h presence
configure:13337: gcc -E  -Wall -Wcast-align -Wchar-subscripts -Wformat -Winline -Wmissing-declarations -Wmissing-prototypes -Wnested-externs -Wpointer-arith conftest.c
configure:13337: $? = 0
configure:13337: result: yes
configure:13337: checking for assert.h
configure:13337: result: yes
configure:13349: checking signal.h usability
configure:13349: gcc -c -g -O2   -Wall -Wcast-align -Wchar-subscripts -Wformat -Winline -Wmissing-declarations -Wmissing-prototypes -Wnested-externs -Wpointer-arith conftest.c >&5
configure:13349: $? = 0
configure:13349: result: yes
configure:13349: checking signal.h presence
configure:13349: gcc -E  -Wall -Wcast-align -Wchar-subscripts -Wformat -Winline -Wmissing-declarations -Wmissing-prototypes -Wnested-externs -Wpointer-arith conftest.c
configure:13349: $? = 0
configure:13349: result: yes
configure:13349: checking for signal.h
configure:13349: result: yes
configure:13361: checking sys/signal.h usability
configure:13361: gcc -c -g -O2   -Wall -Wcast-align -Wchar-subscripts -Wformat -Winline -Wmissing-declarations -Wmissing-prototypes -Wnested-externs -Wpointer-arith conftest.c >&5
configure:13361: $? = 0
configure:13361: result: yes
configure:13361: checking sys/signal.h presence
configure:13361: gcc -E  -Wall -Wcast-align -Wchar-subscripts -Wformat -Winline -Wmissing-declarations -Wmissing-prototypes -Wnested-externs -Wpointer-arith conftest.c
configure:13361: $? = 0
configure:13361: result: yes
configure:13361: checking for sys/signal.h
configure:13361: result: yes
configure:13373: checking malloc.h usability
configure:13373: gcc -c -g -O2   -Wall -Wcast-align -Wchar-subscripts -Wformat -Winline -Wmissing-declarations -Wmissing-prototypes -Wnested-externs -Wpointer-arith conftest.c >&5
configure:13373: $? = 0
configure:13373: result: yes
configure:13373: checking malloc.h presence
configure:13373: gcc -E  -Wall -Wcast-align -Wchar-subscripts -Wformat -Winline -Wmissing-declarations -Wmissing-prototypes -Wnested-externs -Wpointer-arith conftest.c
configure:13373: $? = 0
configure:13373: result: yes
configure:13373: checking for malloc.h
configure:13373: result: yes
configure:13385: checking sys/select.h usability
configure:13385: gcc -c -g -O2   -Wall -Wcast-align -Wchar-subscripts -Wformat -Winline -Wmissing-declarations -Wmissing-prototypes -Wnested-externs -Wpointer-arith conftest.c >&5
configure:13385: $? = 0
configure:13385: result: yes
configure:13385: checking sys/select.h presence
configure:13385: gcc -E  -Wall -Wcast-align -Wchar-subscripts -Wformat -Winline -Wmissing-declarations -Wmissing-prototypes -Wnested-externs -Wpointer-arith conftest.c
configure:13385: $? = 0
configure:13385: result: yes
configure:13385: checking for sys/select.h
configure:13385: result: yes
configure:13397: checking for sys/types.h
configure:13397: result: yes
configure:13409: checking fcntl.h usability
configure:13409: gcc -c -g -O2   -Wall -Wcast-align -Wchar-subscripts -Wformat -Winline -Wmissing-declarations -Wmissing-prototypes -Wnested-externs -Wpointer-arith conftest.c >&5
configure:13409: $? = 0
configure:13409: result: yes
configure:13409: checking fcntl.h presence
configure:13409: gcc -E  -Wall -Wcast-align -Wchar-subscripts -Wformat -Winline -Wmissing-declarations -Wmissing-prototypes -Wnested-externs -Wpointer-arith conftest.c
configure:13409: $? = 0
configure:13409: result: yes
configure:13409: checking for fcntl.h
configure:13409: result: yes
configure:13421: checking sys/soundcard.h usability
configure:13421: gcc -c -g -O2   -Wall -Wcast-align -Wchar-subscripts -Wformat -Winline -Wmissing-declarations -Wmissing-prototypes -Wnested-externs -Wpointer-arith conftest.c >&5
configure:13421: $? = 0
configure:13421: result: yes
configure:13421: checking sys/soundcard.h presence
configure:13421: gcc -E  -Wall -Wcast-align -Wchar-subscripts -Wformat -Winline -Wmissing-declarations -Wmissing-prototypes -Wnested-externs -Wpointer-arith conftest.c
configure:13421: $? = 0
configure:13421: result: yes
configure:13421: checking for sys/soundcard.h
configure:13421: result: yes
configure:13433: checking arpa/inet.h usability
configure:13433: gcc -c -g -O2   -Wall -Wcast-align -Wchar-subscripts -Wformat -Winline -Wmissing-declarations -Wmissing-prototypes -Wnested-externs -Wpointer-arith conftest.c >&5
configure:13433: $? = 0
configure:13433: result: yes
configure:13433: checking arpa/inet.h presence
configure:13433: gcc -E  -Wall -Wcast-align -Wchar-subscripts -Wformat -Winline -Wmissing-declarations -Wmissing-prototypes -Wnested-externs -Wpointer-arith conftest.c
configure:13433: $? = 0
configure:13433: result: yes
configure:13433: checking for arpa/inet.h
configure:13433: result: yes
configure:13445: checking arpa/nameser.h usability
configure:13445: gcc -c -g -O2   -Wall -Wcast-align -Wchar-subscripts -Wformat -Winline -Wmissing-declarations -Wmissing-prototypes -Wnested-externs -Wpointer-arith conftest.c >&5
configure:13445: $? = 0
configure:13445: result: yes
configure:13445: checking arpa/nameser.h presence
configure:13445: gcc -E  -Wall -Wcast-align -Wchar-subscripts -Wformat -Winline -Wmissing-declarations -Wmissing-prototypes -Wnested-externs -Wpointer-arith conftest.c
configure:13445: $? = 0
configure:13445: result: yes
configure:13445: checking for arpa/nameser.h
configure:13445: result: yes
configure:13457: checking netdb.h usability
configure:13457: gcc -c -g -O2   -Wall -Wcast-align -Wchar-subscripts -Wformat -Winline -Wmissing-declarations -Wmissing-prototypes -Wnested-externs -Wpointer-arith conftest.c >&5
configure:13457: $? = 0
configure:13457: result: yes
configure:13457: checking netdb.h presence
configure:13457: gcc -E  -Wall -Wcast-align -Wchar-subscripts -Wformat -Winline -Wmissing-declarations -Wmissing-prototypes -Wnested-externs -Wpointer-arith conftest.c
configure:13457: $? = 0
configure:13457: result: yes
configure:13457: checking for netdb.h
configure:13457: result: yes
configure:13469: checking nameser8_compat.h usability
configure:13469: gcc -c -g -O2   -Wall -Wcast-align -Wchar-subscripts -Wformat -Winline -Wmissing-declarations -Wmissing-prototypes -Wnested-externs -Wpointer-arith conftest.c >&5
conftest.c:80:29: fatal error: nameser8_compat.h: No such file or directory
compilation terminated.
configure:13469: $? = 1
configure: failed program was:
| /* confdefs.h */
| #define PACKAGE_NAME "libeXosip2"
| #define PACKAGE_TARNAME "libexosip2"
| #define PACKAGE_VERSION "5.0.0"
| #define PACKAGE_STRING "libeXosip2 5.0.0"
| #define PACKAGE_BUGREPORT ""
| #define PACKAGE_URL ""
| #define PACKAGE "libexosip2"
| #define VERSION "5.0.0"
| #define STDC_HEADERS 1
| #define HAVE_SYS_TYPES_H 1
| #define HAVE_SYS_STAT_H 1
| #define HAVE_STDLIB_H 1
| #define HAVE_STRING_H 1
| #define HAVE_MEMORY_H 1
| #define HAVE_STRINGS_H 1
| #define HAVE_INTTYPES_H 1
| #define HAVE_STDINT_H 1
| #define HAVE_UNISTD_H 1
| #define HAVE_DLFCN_H 1
| #define LT_OBJDIR ".libs/"
| #define HAVE_PTHREAD 1
| #define HAVE_SEMAPHORE_H 1
| #define HAVE_SYS_SEM_H 1
| #define STDC_HEADERS 1
| #define HAVE_CTYPE_H 1
| #define HAVE_STRING_H 1
| #define HAVE_STRINGS_H 1
| #define HAVE_STDIO_H 1
| #define HAVE_STDLIB_H 1
| #define HAVE_LIMITS_H 1
| #define HAVE_UNISTD_H 1
| #define HAVE_STDARG_H 1
| #define HAVE_SYS_TIME_H 1
| #define HAVE_ASSERT_H 1
| #define HAVE_SIGNAL_H 1
| #define HAVE_SYS_SIGNAL_H 1
| #define HAVE_MALLOC_H 1
| #define HAVE_SYS_SELECT_H 1
| #define HAVE_SYS_TYPES_H 1
| #define HAVE_FCNTL_H 1
| #define HAVE_SYS_SOUNDCARD_H 1
| #define HAVE_ARPA_INET_H 1
| #define HAVE_ARPA_NAMESER_H 1
| #define HAVE_NETDB_H 1
| /* end confdefs.h.  */
| #include <stdio.h>
| #ifdef HAVE_SYS_TYPES_H
| # include <sys/types.h>
| #endif
| #ifdef HAVE_SYS_STAT_H
| # include <sys/stat.h>
| #endif
| #ifdef STDC_HEADERS
| # include <stdlib.h>
| # include <stddef.h>
| #else
| # ifdef HAVE_STDLIB_H
| #  include <stdlib.h>
| # endif
| #endif
| #ifdef HAVE_STRING_H
| # if !defined STDC_HEADERS && defined HAVE_MEMORY_H
| #  include <memory.h>
| # endif
| # include <string.h>
| #endif
| #ifdef HAVE_STRINGS_H
| # include <strings.h>
| #endif
| #ifdef HAVE_INTTYPES_H
| # include <inttypes.h>
| #endif
| #ifdef HAVE_STDINT_H
| # include <stdint.h>
| #endif
| #ifdef HAVE_UNISTD_H
| # include <unistd.h>
| #endif
| #include <nameser8_compat.h>
configure:13469: result: no
configure:13469: checking nameser8_compat.h presence
configure:13469: gcc -E  -Wall -Wcast-align -Wchar-subscripts -Wformat -Winline -Wmissing-declarations -Wmissing-prototypes -Wnested-externs -Wpointer-arith conftest.c
conftest.c:47:29: fatal error: nameser8_compat.h: No such file or directory
compilation terminated.
configure:13469: $? = 1
configure: failed program was:
| /* confdefs.h */
| #define PACKAGE_NAME "libeXosip2"
| #define PACKAGE_TARNAME "libexosip2"
| #define PACKAGE_VERSION "5.0.0"
| #define PACKAGE_STRING "libeXosip2 5.0.0"
| #define PACKAGE_BUGREPORT ""
| #define PACKAGE_URL ""
| #define PACKAGE "libexosip2"
| #define VERSION "5.0.0"
| #define STDC_HEADERS 1
| #define HAVE_SYS_TYPES_H 1
| #define HAVE_SYS_STAT_H 1
| #define HAVE_STDLIB_H 1
| #define HAVE_STRING_H 1
| #define HAVE_MEMORY_H 1
| #define HAVE_STRINGS_H 1
| #define HAVE_INTTYPES_H 1
| #define HAVE_STDINT_H 1
| #define HAVE_UNISTD_H 1
| #define HAVE_DLFCN_H 1
| #define LT_OBJDIR ".libs/"
| #define HAVE_PTHREAD 1
| #define HAVE_SEMAPHORE_H 1
| #define HAVE_SYS_SEM_H 1
| #define STDC_HEADERS 1
| #define HAVE_CTYPE_H 1
| #define HAVE_STRING_H 1
| #define HAVE_STRINGS_H 1
| #define HAVE_STDIO_H 1
| #define HAVE_STDLIB_H 1
| #define HAVE_LIMITS_H 1
| #define HAVE_UNISTD_H 1
| #define HAVE_STDARG_H 1
| #define HAVE_SYS_TIME_H 1
| #define HAVE_ASSERT_H 1
| #define HAVE_SIGNAL_H 1
| #define HAVE_SYS_SIGNAL_H 1
| #define HAVE_MALLOC_H 1
| #define HAVE_SYS_SELECT_H 1
| #define HAVE_SYS_TYPES_H 1
| #define HAVE_FCNTL_H 1
| #define HAVE_SYS_SOUNDCARD_H 1
| #define HAVE_ARPA_INET_H 1
| #define HAVE_ARPA_NAMESER_H 1
| #define HAVE_NETDB_H 1
| /* end confdefs.h.  */
| #include <nameser8_compat.h>
configure:13469: result: no
configure:13469: checking for nameser8_compat.h
configure:13469: result: no
configure:13481: checking arpa/nameser_compat.h usability
configure:13481: gcc -c -g -O2   -Wall -Wcast-align -Wchar-subscripts -Wformat -Winline -Wmissing-declarations -Wmissing-prototypes -Wnested-externs -Wpointer-arith conftest.c >&5
configure:13481: $? = 0
configure:13481: result: yes
configure:13481: checking arpa/nameser_compat.h presence
configure:13481: gcc -E  -Wall -Wcast-align -Wchar-subscripts -Wformat -Winline -Wmissing-declarations -Wmissing-prototypes -Wnested-externs -Wpointer-arith conftest.c
configure:13481: $? = 0
configure:13481: result: yes
configure:13481: checking for arpa/nameser_compat.h
configure:13481: result: yes
configure:13493: checking netinet/tcp.h usability
configure:13493: gcc -c -g -O2   -Wall -Wcast-align -Wchar-subscripts -Wformat -Winline -Wmissing-declarations -Wmissing-prototypes -Wnested-externs -Wpointer-arith conftest.c >&5
configure:13493: $? = 0
configure:13493: result: yes
configure:13493: checking netinet/tcp.h presence
configure:13493: gcc -E  -Wall -Wcast-align -Wchar-subscripts -Wformat -Winline -Wmissing-declarations -Wmissing-prototypes -Wnested-externs -Wpointer-arith conftest.c
configure:13493: $? = 0
configure:13493: result: yes
configure:13493: checking for netinet/tcp.h
configure:13493: result: yes
configure:13506: checking for resolv.h
configure:13506: gcc -c -g -O2   -Wall -Wcast-align -Wchar-subscripts -Wformat -Winline -Wmissing-declarations -Wmissing-prototypes -Wnested-externs -Wpointer-arith conftest.c >&5
configure:13506: $? = 0
configure:13506: result: yes
configure:13529: checking for getifaddrs
configure:13529: gcc -o conftest.exe -g -O2   -Wall -Wcast-align -Wchar-subscripts -Wformat -Winline -Wmissing-declarations -Wmissing-prototypes -Wnested-externs -Wpointer-arith  conftest.c   >&5
configure:13529: $? = 0
configure:13529: result: yes
configure:13542: checking for SSL
configure:13549: $PKG_CONFIG --exists --print-errors "openssl"
Package openssl was not found in the pkg-config search path.
Perhaps you should add the directory containing `openssl.pc'
to the PKG_CONFIG_PATH environment variable
No package 'openssl' found
configure:13552: $? = 1
configure:13566: $PKG_CONFIG --exists --print-errors "openssl"
Package openssl was not found in the pkg-config search path.
Perhaps you should add the directory containing `openssl.pc'
to the PKG_CONFIG_PATH environment variable
No package 'openssl' found
configure:13569: $? = 1
configure:13583: result: no
No package 'openssl' found
configure:13600: WARNING: can not find openssl with pkgconfig
configure:13604: checking openssl/ssl.h usability
configure:13604: gcc -c -g -O2   -Wall -Wcast-align -Wchar-subscripts -Wformat -Winline -Wmissing-declarations -Wmissing-prototypes -Wnested-externs -Wpointer-arith conftest.c >&5
conftest.c:84:25: fatal error: openssl/ssl.h: No such file or directory
compilation terminated.
configure:13604: $? = 1
configure: failed program was:
| /* confdefs.h */
| #define PACKAGE_NAME "libeXosip2"
| #define PACKAGE_TARNAME "libexosip2"
| #define PACKAGE_VERSION "5.0.0"
| #define PACKAGE_STRING "libeXosip2 5.0.0"
| #define PACKAGE_BUGREPORT ""
| #define PACKAGE_URL ""
| #define PACKAGE "libexosip2"
| #define VERSION "5.0.0"
| #define STDC_HEADERS 1
| #define HAVE_SYS_TYPES_H 1
| #define HAVE_SYS_STAT_H 1
| #define HAVE_STDLIB_H 1
| #define HAVE_STRING_H 1
| #define HAVE_MEMORY_H 1
| #define HAVE_STRINGS_H 1
| #define HAVE_INTTYPES_H 1
| #define HAVE_STDINT_H 1
| #define HAVE_UNISTD_H 1
| #define HAVE_DLFCN_H 1
| #define LT_OBJDIR ".libs/"
| #define HAVE_PTHREAD 1
| #define HAVE_SEMAPHORE_H 1
| #define HAVE_SYS_SEM_H 1
| #define STDC_HEADERS 1
| #define HAVE_CTYPE_H 1
| #define HAVE_STRING_H 1
| #define HAVE_STRINGS_H 1
| #define HAVE_STDIO_H 1
| #define HAVE_STDLIB_H 1
| #define HAVE_LIMITS_H 1
| #define HAVE_UNISTD_H 1
| #define HAVE_STDARG_H 1
| #define HAVE_SYS_TIME_H 1
| #define HAVE_ASSERT_H 1
| #define HAVE_SIGNAL_H 1
| #define HAVE_SYS_SIGNAL_H 1
| #define HAVE_MALLOC_H 1
| #define HAVE_SYS_SELECT_H 1
| #define HAVE_SYS_TYPES_H 1
| #define HAVE_FCNTL_H 1
| #define HAVE_SYS_SOUNDCARD_H 1
| #define HAVE_ARPA_INET_H 1
| #define HAVE_ARPA_NAMESER_H 1
| #define HAVE_NETDB_H 1
| #define HAVE_ARPA_NAMESER_COMPAT_H 1
| #define HAVE_NETINET_TCP_H 1
| #define HAVE_RESOLV_H 1
| #define HAVE_GETIFADDRS 1
| /* end confdefs.h.  */
| #include <stdio.h>
| #ifdef HAVE_SYS_TYPES_H
| # include <sys/types.h>
| #endif
| #ifdef HAVE_SYS_STAT_H
| # include <sys/stat.h>
| #endif
| #ifdef STDC_HEADERS
| # include <stdlib.h>
| # include <stddef.h>
| #else
| # ifdef HAVE_STDLIB_H
| #  include <stdlib.h>
| # endif
| #endif
| #ifdef HAVE_STRING_H
| # if !defined STDC_HEADERS && defined HAVE_MEMORY_H
| #  include <memory.h>
| # endif
| # include <string.h>
| #endif
| #ifdef HAVE_STRINGS_H
| # include <strings.h>
| #endif
| #ifdef HAVE_INTTYPES_H
| # include <inttypes.h>
| #endif
| #ifdef HAVE_STDINT_H
| # include <stdint.h>
| #endif
| #ifdef HAVE_UNISTD_H
| # include <unistd.h>
| #endif
| #include <openssl/ssl.h>
configure:13604: result: no
configure:13604: checking openssl/ssl.h presence
configure:13604: gcc -E  -Wall -Wcast-align -Wchar-subscripts -Wformat -Winline -Wmissing-declarations -Wmissing-prototypes -Wnested-externs -Wpointer-arith conftest.c
conftest.c:51:25: fatal error: openssl/ssl.h: No such file or directory
compilation terminated.
configure:13604: $? = 1
configure: failed program was:
| /* confdefs.h */
| #define PACKAGE_NAME "libeXosip2"
| #define PACKAGE_TARNAME "libexosip2"
| #define PACKAGE_VERSION "5.0.0"
| #define PACKAGE_STRING "libeXosip2 5.0.0"
| #define PACKAGE_BUGREPORT ""
| #define PACKAGE_URL ""
| #define PACKAGE "libexosip2"
| #define VERSION "5.0.0"
| #define STDC_HEADERS 1
| #define HAVE_SYS_TYPES_H 1
| #define HAVE_SYS_STAT_H 1
| #define HAVE_STDLIB_H 1
| #define HAVE_STRING_H 1
| #define HAVE_MEMORY_H 1
| #define HAVE_STRINGS_H 1
| #define HAVE_INTTYPES_H 1
| #define HAVE_STDINT_H 1
| #define HAVE_UNISTD_H 1
| #define HAVE_DLFCN_H 1
| #define LT_OBJDIR ".libs/"
| #define HAVE_PTHREAD 1
| #define HAVE_SEMAPHORE_H 1
| #define HAVE_SYS_SEM_H 1
| #define STDC_HEADERS 1
| #define HAVE_CTYPE_H 1
| #define HAVE_STRING_H 1
| #define HAVE_STRINGS_H 1
| #define HAVE_STDIO_H 1
| #define HAVE_STDLIB_H 1
| #define HAVE_LIMITS_H 1
| #define HAVE_UNISTD_H 1
| #define HAVE_STDARG_H 1
| #define HAVE_SYS_TIME_H 1
| #define HAVE_ASSERT_H 1
| #define HAVE_SIGNAL_H 1
| #define HAVE_SYS_SIGNAL_H 1
| #define HAVE_MALLOC_H 1
| #define HAVE_SYS_SELECT_H 1
| #define HAVE_SYS_TYPES_H 1
| #define HAVE_FCNTL_H 1
| #define HAVE_SYS_SOUNDCARD_H 1
| #define HAVE_ARPA_INET_H 1
| #define HAVE_ARPA_NAMESER_H 1
| #define HAVE_NETDB_H 1
| #define HAVE_ARPA_NAMESER_COMPAT_H 1
| #define HAVE_NETINET_TCP_H 1
| #define HAVE_RESOLV_H 1
| #define HAVE_GETIFADDRS 1
| /* end confdefs.h.  */
| #include <openssl/ssl.h>
configure:13604: result: no
configure:13604: checking for openssl/ssl.h
configure:13604: result: no
configure:13614: checking for SSL_CTX_new in -lssl
configure:13639: gcc -o conftest.exe -g -O2   -Wall -Wcast-align -Wchar-subscripts -Wformat -Winline -Wmissing-declarations -Wmissing-prototypes -Wnested-externs -Wpointer-arith  conftest.c -lssl    >&5
/usr/lib/gcc/x86_64-pc-cygwin/5.4.0/../../../../x86_64-pc-cygwin/bin/ld: cannot find -lssl
collect2: error: ld returned 1 exit status
configure:13639: $? = 1
configure: failed program was:
| /* confdefs.h */
| #define PACKAGE_NAME "libeXosip2"
| #define PACKAGE_TARNAME "libexosip2"
| #define PACKAGE_VERSION "5.0.0"
| #define PACKAGE_STRING "libeXosip2 5.0.0"
| #define PACKAGE_BUGREPORT ""
| #define PACKAGE_URL ""
| #define PACKAGE "libexosip2"
| #define VERSION "5.0.0"
| #define STDC_HEADERS 1
| #define HAVE_SYS_TYPES_H 1
| #define HAVE_SYS_STAT_H 1
| #define HAVE_STDLIB_H 1
| #define HAVE_STRING_H 1
| #define HAVE_MEMORY_H 1
| #define HAVE_STRINGS_H 1
| #define HAVE_INTTYPES_H 1
| #define HAVE_STDINT_H 1
| #define HAVE_UNISTD_H 1
| #define HAVE_DLFCN_H 1
| #define LT_OBJDIR ".libs/"
| #define HAVE_PTHREAD 1
| #define HAVE_SEMAPHORE_H 1
| #define HAVE_SYS_SEM_H 1
| #define STDC_HEADERS 1
| #define HAVE_CTYPE_H 1
| #define HAVE_STRING_H 1
| #define HAVE_STRINGS_H 1
| #define HAVE_STDIO_H 1
| #define HAVE_STDLIB_H 1
| #define HAVE_LIMITS_H 1
| #define HAVE_UNISTD_H 1
| #define HAVE_STDARG_H 1
| #define HAVE_SYS_TIME_H 1
| #define HAVE_ASSERT_H 1
| #define HAVE_SIGNAL_H 1
| #define HAVE_SYS_SIGNAL_H 1
| #define HAVE_MALLOC_H 1
| #define HAVE_SYS_SELECT_H 1
| #define HAVE_SYS_TYPES_H 1
| #define HAVE_FCNTL_H 1
| #define HAVE_SYS_SOUNDCARD_H 1
| #define HAVE_ARPA_INET_H 1
| #define HAVE_ARPA_NAMESER_H 1
| #define HAVE_NETDB_H 1
| #define HAVE_ARPA_NAMESER_COMPAT_H 1
| #define HAVE_NETINET_TCP_H 1
| #define HAVE_RESOLV_H 1
| #define HAVE_GETIFADDRS 1
| /* end confdefs.h.  */
| 
| /* Override any GCC internal prototype to avoid an error.
|    Use char because int might match the return type of a GCC
|    builtin and then its argument prototype would still apply.  */
| #ifdef __cplusplus
| extern "C"
| #endif
| char SSL_CTX_new ();
| int
| main ()
| {
| return SSL_CTX_new ();
|   ;
|   return 0;
| }
configure:13648: result: no
configure:13654: checking for MD5 in -lcrypto
configure:13679: gcc -o conftest.exe -g -O2   -Wall -Wcast-align -Wchar-subscripts -Wformat -Winline -Wmissing-declarations -Wmissing-prototypes -Wnested-externs -Wpointer-arith  conftest.c -lcrypto    >&5
/usr/lib/gcc/x86_64-pc-cygwin/5.4.0/../../../../x86_64-pc-cygwin/bin/ld: cannot find -lcrypto
collect2: error: ld returned 1 exit status
configure:13679: $? = 1
configure: failed program was:
| /* confdefs.h */
| #define PACKAGE_NAME "libeXosip2"
| #define PACKAGE_TARNAME "libexosip2"
| #define PACKAGE_VERSION "5.0.0"
| #define PACKAGE_STRING "libeXosip2 5.0.0"
| #define PACKAGE_BUGREPORT ""
| #define PACKAGE_URL ""
| #define PACKAGE "libexosip2"
| #define VERSION "5.0.0"
| #define STDC_HEADERS 1
| #define HAVE_SYS_TYPES_H 1
| #define HAVE_SYS_STAT_H 1
| #define HAVE_STDLIB_H 1
| #define HAVE_STRING_H 1
| #define HAVE_MEMORY_H 1
| #define HAVE_STRINGS_H 1
| #define HAVE_INTTYPES_H 1
| #define HAVE_STDINT_H 1
| #define HAVE_UNISTD_H 1
| #define HAVE_DLFCN_H 1
| #define LT_OBJDIR ".libs/"
| #define HAVE_PTHREAD 1
| #define HAVE_SEMAPHORE_H 1
| #define HAVE_SYS_SEM_H 1
| #define STDC_HEADERS 1
| #define HAVE_CTYPE_H 1
| #define HAVE_STRING_H 1
| #define HAVE_STRINGS_H 1
| #define HAVE_STDIO_H 1
| #define HAVE_STDLIB_H 1
| #define HAVE_LIMITS_H 1
| #define HAVE_UNISTD_H 1
| #define HAVE_STDARG_H 1
| #define HAVE_SYS_TIME_H 1
| #define HAVE_ASSERT_H 1
| #define HAVE_SIGNAL_H 1
| #define HAVE_SYS_SIGNAL_H 1
| #define HAVE_MALLOC_H 1
| #define HAVE_SYS_SELECT_H 1
| #define HAVE_SYS_TYPES_H 1
| #define HAVE_FCNTL_H 1
| #define HAVE_SYS_SOUNDCARD_H 1
| #define HAVE_ARPA_INET_H 1
| #define HAVE_ARPA_NAMESER_H 1
| #define HAVE_NETDB_H 1
| #define HAVE_ARPA_NAMESER_COMPAT_H 1
| #define HAVE_NETINET_TCP_H 1
| #define HAVE_RESOLV_H 1
| #define HAVE_GETIFADDRS 1
| /* end confdefs.h.  */
| 
| /* Override any GCC internal prototype to avoid an error.
|    Use char because int might match the return type of a GCC
|    builtin and then its argument prototype would still apply.  */
| #ifdef __cplusplus
| extern "C"
| #endif
| char MD5 ();
| int
| main ()
| {
| return MD5 ();
|   ;
|   return 0;
| }
configure:13688: result: no
configure:13937: checking that generated files are newer than configure
configure:13943: result: done
configure:13974: creating ./config.status

## ---------------------- ##
## Running config.status. ##
## ---------------------- ##

This file was extended by libeXosip2 config.status 5.0.0, which was
generated by GNU Autoconf 2.69.  Invocation command line was

  CONFIG_FILES    = 
  CONFIG_HEADERS  = 
  CONFIG_LINKS    = 
  CONFIG_COMMANDS = 
  $ ./config.status 

on wwl

config.status:1151: creating Makefile
config.status:1151: creating scripts/Makefile
config.status:1151: creating platform/Makefile
config.status:1151: creating platform/vsnet/Makefile
config.status:1151: creating include/Makefile
config.status:1151: creating include/eXosip2/Makefile
config.status:1151: creating src/Makefile
config.status:1151: creating tools/Makefile
config.status:1151: creating help/Makefile
config.status:1151: creating help/doxygen/Makefile
config.status:1151: creating help/doxygen/doxygen.dox
config.status:1151: creating exosip-config.h
config.status:1380: executing depfiles commands
config.status:1380: executing libtool commands

## ---------------- ##
## Cache variables. ##
## ---------------- ##

Wall_cv_flag=yes
Wcast_align_cv_flag=yes
Wchar_subscripts_cv_flag=yes
Wformat_cv_flag=yes
Winline_cv_flag=yes
Wmissing_declarations_cv_flag=yes
Wmissing_prototypes_cv_flag=yes
Wnested_externs_cv_flag=yes
Wpointer_arith_cv_flag=yes
ac_cv_build=x86_64-unknown-cygwin
ac_cv_c_compiler_gnu=yes
ac_cv_env_CC_set=
ac_cv_env_CC_value=
ac_cv_env_CFLAGS_set=
ac_cv_env_CFLAGS_value=
ac_cv_env_CPPFLAGS_set=
ac_cv_env_CPPFLAGS_value=
ac_cv_env_CPP_set=
ac_cv_env_CPP_value=
ac_cv_env_LDFLAGS_set=
ac_cv_env_LDFLAGS_value=
ac_cv_env_LIBS_set=
ac_cv_env_LIBS_value=
ac_cv_env_OSIP_CFLAGS_set=
ac_cv_env_OSIP_CFLAGS_value=
ac_cv_env_OSIP_LIBS_set=
ac_cv_env_OSIP_LIBS_value=
ac_cv_env_PKG_CONFIG_LIBDIR_set=
ac_cv_env_PKG_CONFIG_LIBDIR_value=
ac_cv_env_PKG_CONFIG_PATH_set=
ac_cv_env_PKG_CONFIG_PATH_value=
ac_cv_env_PKG_CONFIG_set=
ac_cv_env_PKG_CONFIG_value=
ac_cv_env_SSL_CFLAGS_set=
ac_cv_env_SSL_CFLAGS_value=
ac_cv_env_SSL_LIBS_set=
ac_cv_env_SSL_LIBS_value=
ac_cv_env_build_alias_set=
ac_cv_env_build_alias_value=
ac_cv_env_host_alias_set=
ac_cv_env_host_alias_value=
ac_cv_env_target_alias_set=
ac_cv_env_target_alias_value=
ac_cv_exeext=.exe
ac_cv_func_getifaddrs=yes
ac_cv_header_arpa_inet_h=yes
ac_cv_header_arpa_nameser_compat_h=yes
ac_cv_header_arpa_nameser_h=yes
ac_cv_header_assert_h=yes
ac_cv_header_ctype_h=yes
ac_cv_header_dlfcn_h=yes
ac_cv_header_fcntl_h=yes
ac_cv_header_inttypes_h=yes
ac_cv_header_limits_h=yes
ac_cv_header_malloc_h=yes
ac_cv_header_memory_h=yes
ac_cv_header_nameser8_compat_h=no
ac_cv_header_netdb_h=yes
ac_cv_header_netinet_tcp_h=yes
ac_cv_header_openssl_ssl_h=no
ac_cv_header_resolv_h=yes
ac_cv_header_semaphore_h=yes
ac_cv_header_signal_h=yes
ac_cv_header_stdarg_h=yes
ac_cv_header_stdc=yes
ac_cv_header_stdint_h=yes
ac_cv_header_stdio_h=yes
ac_cv_header_stdlib_h=yes
ac_cv_header_string_h=yes
ac_cv_header_strings_h=yes
ac_cv_header_sys_select_h=yes
ac_cv_header_sys_sem_h=yes
ac_cv_header_sys_signal_h=yes
ac_cv_header_sys_soundcard_h=yes
ac_cv_header_sys_stat_h=yes
ac_cv_header_sys_time_h=yes
ac_cv_header_sys_types_h=yes
ac_cv_header_unistd_h=yes
ac_cv_header_varargs_h=no
ac_cv_host=x86_64-unknown-cygwin
ac_cv_lib_cares_ares_init=no
ac_cv_lib_crypto_MD5=no
ac_cv_lib_nsl_nis_add=no
ac_cv_lib_posix4_sem_open=no
ac_cv_lib_resolv___res_query=yes
ac_cv_lib_resolv_res_query=yes
ac_cv_lib_rt_clock_gettime=yes
ac_cv_lib_socket_sendto=no
ac_cv_lib_ssl_SSL_CTX_new=no
ac_cv_objext=o
ac_cv_path_EGREP='/usr/bin/grep -E'
ac_cv_path_FGREP='/usr/bin/grep -F'
ac_cv_path_GREP=/usr/bin/grep
ac_cv_path_SED=/usr/bin/sed
ac_cv_path_ac_pt_PKG_CONFIG=/usr/bin/pkg-config
ac_cv_path_install='/usr/bin/install -c'
ac_cv_path_mkdir=/usr/bin/mkdir
ac_cv_prog_AWK=gawk
ac_cv_prog_CPP='gcc -E'
ac_cv_prog_ac_ct_AR=ar
ac_cv_prog_ac_ct_CC=gcc
ac_cv_prog_ac_ct_DLLTOOL=dlltool
ac_cv_prog_ac_ct_OBJDUMP=objdump
ac_cv_prog_ac_ct_RANLIB=ranlib
ac_cv_prog_ac_ct_STRIP=strip
ac_cv_prog_cc_c89=
ac_cv_prog_cc_g=yes
ac_cv_prog_make_make_set=yes
am_cv_CC_dependencies_compiler_type=gcc3
am_cv_make_support_nested_variables=yes
am_cv_prog_cc_c_o=yes
ax_cv_PTHREAD_PRIO_INHERIT=no
lt_cv_ar_at_file=@
lt_cv_archive_cmds_need_lc=yes
lt_cv_deplibs_check_method='file_magic ^x86 archive import|^x86 DLL'
lt_cv_file_magic_cmd=func_win32_libid
lt_cv_file_magic_test_file=
lt_cv_ld_reload_flag=-r
lt_cv_nm_interface='BSD nm'
lt_cv_objdir=.libs
lt_cv_path_LD=/usr/x86_64-pc-cygwin/bin/ld.exe
lt_cv_path_NM='/usr/bin/nm -B'
lt_cv_path_mainfest_tool=no
lt_cv_prog_compiler_c_o=yes
lt_cv_prog_compiler_pic='-DDLL_EXPORT -DPIC'
lt_cv_prog_compiler_pic_works=yes
lt_cv_prog_compiler_rtti_exceptions=no
lt_cv_prog_compiler_static_works=yes
lt_cv_prog_gnu_ld=yes
lt_cv_sharedlib_from_linklib_cmd=func_cygming_dll_for_implib
lt_cv_sys_global_symbol_pipe='sed -n -e '\''s/^.*[	 ]\([ABCDGIRSTW][ABCDGIRSTW]*\)[	 ][	 ]*\([_A-Za-z][_A-Za-z0-9]*\)$/\1 \2 \2/p'\'' | sed '\''/ __gnu_lto/d'\'''
lt_cv_sys_global_symbol_to_c_name_address='sed -n -e '\''s/^: \([^ ]*\)[ ]*$/  {\"\1\", (void *) 0},/p'\'' -e '\''s/^[ABCDGIRSTW]* \([^ ]*\) \([^ ]*\)$/  {"\2", (void *) \&\2},/p'\'''
lt_cv_sys_global_symbol_to_c_name_address_lib_prefix='sed -n -e '\''s/^: \([^ ]*\)[ ]*$/  {\"\1\", (void *) 0},/p'\'' -e '\''s/^[ABCDGIRSTW]* \([^ ]*\) \(lib[^ ]*\)$/  {"\2", (void *) \&\2},/p'\'' -e '\''s/^[ABCDGIRSTW]* \([^ ]*\) \([^ ]*\)$/  {"lib\2", (void *) \&\2},/p'\'''
lt_cv_sys_global_symbol_to_cdecl='sed -n -e '\''s/^T .* \(.*\)$/extern int \1();/p'\'' -e '\''s/^[ABCDGIRSTW]* .* \(.*\)$/extern char \1;/p'\'''
lt_cv_sys_max_cmd_len=8192
lt_cv_to_host_file_cmd=func_convert_file_noop
lt_cv_to_tool_file_cmd=func_convert_file_noop

## ----------------- ##
## Output variables. ##
## ----------------- ##

ACLOCAL='aclocal-1.14'
AMDEPBACKSLASH='\'
AMDEP_FALSE='#'
AMDEP_TRUE=''
AMTAR='$${TAR-tar}'
AM_BACKSLASH='\'
AM_DEFAULT_V='$(AM_DEFAULT_VERBOSITY)'
AM_DEFAULT_VERBOSITY='1'
AM_V='$(V)'
AR='ar'
AUTOCONF='autoconf'
AUTOHEADER='autoheader'
AUTOMAKE='automake-1.14'
AWK='gawk'
BUILD_MAXSIZE_FALSE='#'
BUILD_MAXSIZE_TRUE=''
CC='gcc'
CCDEPMODE='depmode=gcc3'
CFLAGS='-g -O2 '
COMPILE_TOOLS_FALSE='#'
COMPILE_TOOLS_TRUE=''
CPP='gcc -E'
CPPFLAGS=' -Wall -Wcast-align -Wchar-subscripts -Wformat -Winline -Wmissing-declarations -Wmissing-prototypes -Wnested-externs -Wpointer-arith'
CYGPATH_W='cygpath -w'
DEFS='-DHAVE_CONFIG_H'
DEPDIR='.deps'
DLLTOOL='dlltool'
DSYMUTIL=''
DUMPBIN=''
ECHO_C=''
ECHO_N='-n'
ECHO_T=''
EGREP='/usr/bin/grep -E'
EXEEXT='.exe'
EXOSIP_FLAGS=' -DENABLE_TRACE'
EXOSIP_LIB=' -lrt -lresolv -lresolv'
EXOSIP_VERSION=''
FGREP='/usr/bin/grep -F'
GREP='/usr/bin/grep'
INSTALL_DATA='${INSTALL} -m 644'
INSTALL_PROGRAM='${INSTALL}'
INSTALL_SCRIPT='${INSTALL}'
INSTALL_STRIP_PROGRAM='$(install_sh) -c -s'
LD='/usr/x86_64-pc-cygwin/bin/ld.exe'
LDFLAGS=''
LIBEXOSIP_SO_VERSION='12:0:0'
LIBOBJS=''
LIBS=' '
LIBTOOL='$(SHELL) $(top_builddir)/libtool'
LIPO=''
LN_S='ln -s'
LTLIBOBJS=''
MAKEINFO='makeinfo'
MANIFEST_TOOL=':'
MKDIR_P='/usr/bin/mkdir -p'
NM='/usr/bin/nm -B'
NMEDIT=''
OBJDUMP='objdump'
OBJEXT='o'
OSIP_CFLAGS='-I$(includedir) -I$(prefix)/include'
OSIP_LIBS='-L$(libdir) -L$(prefix)/lib -losip2 -losipparser2'
OTOOL64=''
OTOOL=''
PACKAGE='libexosip2'
PACKAGE_BUGREPORT=''
PACKAGE_NAME='libeXosip2'
PACKAGE_STRING='libeXosip2 5.0.0'
PACKAGE_TARNAME='libexosip2'
PACKAGE_URL=''
PACKAGE_VERSION='5.0.0'
PATH_SEPARATOR=':'
PKG_CONFIG='/usr/bin/pkg-config'
PKG_CONFIG_LIBDIR=''
PKG_CONFIG_PATH=''
PTHREAD_CC='gcc'
PTHREAD_CFLAGS=''
PTHREAD_LIBS=''
RANLIB='ranlib'
SED='/usr/bin/sed'
SET_MAKE=''
SHELL='/bin/sh'
SSL_CFLAGS=''
SSL_LIBS=''
STRIP='strip'
VERSION='5.0.0'
ac_ct_AR='ar'
ac_ct_CC='gcc'
ac_ct_DUMPBIN=''
am__EXEEXT_FALSE='#'
am__EXEEXT_TRUE=''
am__fastdepCC_FALSE='#'
am__fastdepCC_TRUE=''
am__include='include'
am__isrc=''
am__leading_dot='.'
am__nodep='_no'
am__quote=''
am__tar='$${TAR-tar} chof - "$$tardir"'
am__untar='$${TAR-tar} xf -'
ax_pthread_config=''
bindir='${exec_prefix}/bin'
build='x86_64-unknown-cygwin'
build_alias=''
build_cpu='x86_64'
build_os='cygwin'
build_vendor='unknown'
datadir='${datarootdir}'
datarootdir='${prefix}/share'
docdir='${datarootdir}/doc/${PACKAGE_TARNAME}'
dvidir='${docdir}'
exec_prefix='${prefix}'
host='x86_64-unknown-cygwin'
host_alias=''
host_cpu='x86_64'
host_os='cygwin'
host_vendor='unknown'
htmldir='${docdir}'
includedir='${prefix}/include'
infodir='${datarootdir}/info'
install_sh='${SHELL} /projects/osip/libexosip2-5.0.0/scripts/install-sh'
libdir='${exec_prefix}/lib'
libexecdir='${exec_prefix}/libexec'
localedir='${datarootdir}/locale'
localstatedir='${prefix}/var'
mandir='${datarootdir}/man'
mkdir_p='$(MKDIR_P)'
oldincludedir='/usr/include'
pdfdir='${docdir}'
prefix='/usr/local'
program_transform_name='s,x,x,'
psdir='${docdir}'
sbindir='${exec_prefix}/sbin'
sharedstatedir='${prefix}/com'
sysconfdir='${prefix}/etc'
target_alias=''

## ----------- ##
## confdefs.h. ##
## ----------- ##

/* confdefs.h */
#define PACKAGE_NAME "libeXosip2"
#define PACKAGE_TARNAME "libexosip2"
#define PACKAGE_VERSION "5.0.0"
#define PACKAGE_STRING "libeXosip2 5.0.0"
#define PACKAGE_BUGREPORT ""
#define PACKAGE_URL ""
#define PACKAGE "libexosip2"
#define VERSION "5.0.0"
#define STDC_HEADERS 1
#define HAVE_SYS_TYPES_H 1
#define HAVE_SYS_STAT_H 1
#define HAVE_STDLIB_H 1
#define HAVE_STRING_H 1
#define HAVE_MEMORY_H 1
#define HAVE_STRINGS_H 1
#define HAVE_INTTYPES_H 1
#define HAVE_STDINT_H 1
#define HAVE_UNISTD_H 1
#define HAVE_DLFCN_H 1
#define LT_OBJDIR ".libs/"
#define HAVE_PTHREAD 1
#define HAVE_SEMAPHORE_H 1
#define HAVE_SYS_SEM_H 1
#define STDC_HEADERS 1
#define HAVE_CTYPE_H 1
#define HAVE_STRING_H 1
#define HAVE_STRINGS_H 1
#define HAVE_STDIO_H 1
#define HAVE_STDLIB_H 1
#define HAVE_LIMITS_H 1
#define HAVE_UNISTD_H 1
#define HAVE_STDARG_H 1
#define HAVE_SYS_TIME_H 1
#define HAVE_ASSERT_H 1
#define HAVE_SIGNAL_H 1
#define HAVE_SYS_SIGNAL_H 1
#define HAVE_MALLOC_H 1
#define HAVE_SYS_SELECT_H 1
#define HAVE_SYS_TYPES_H 1
#define HAVE_FCNTL_H 1
#define HAVE_SYS_SOUNDCARD_H 1
#define HAVE_ARPA_INET_H 1
#define HAVE_ARPA_NAMESER_H 1
#define HAVE_NETDB_H 1
#define HAVE_ARPA_NAMESER_COMPAT_H 1
#define HAVE_NETINET_TCP_H 1
#define HAVE_RESOLV_H 1
#define HAVE_GETIFADDRS 1
#define SRV_RECORD 1

configure: exit 0
